


ARM Macro Assembler    Page 1 


    1 00000000         ;* File Name          : Startup_ACM32F0x0.s
    2 00000000         ;* Version            : V1.0.0
    3 00000000         ;* Date               : 2020
    4 00000000         ;* Description        : ACM32F0x0 Devices vector table f
                       or MDK-ARM toolchain. 
    5 00000000         ;*                      This module performs:
    6 00000000         ;*                      - Set the initial SP
    7 00000000         ;*                      - Set the initial PC == Reset_Ha
                       ndler
    8 00000000         ;*                      - Set the vector table entries w
                       ith the exceptions ISR address
    9 00000000         ;*                      - Configure the clock system
   10 00000000         ;*                      - Branches to __main in the C li
                       brary (which eventually
   11 00000000         ;*                        calls main()).
   12 00000000         ;*                      After Reset the SC000 processor 
                       is in Thread mode,
   13 00000000         ;*                      priority is Privileged, and the 
                       Stack is set to Main.
   14 00000000         ;*******************************************************
                       ************************
   15 00000000         
   16 00000000 00000800 
                       Stack_Size
                               EQU              0x00000800
   17 00000000 00000200 
                       Heap_Size
                               EQU              0x00000200
   18 00000000         
   19 00000000                 AREA             STACK, NOINIT, READWRITE, ALIGN
=3
   20 00000000         Stack_Mem
                               SPACE            Stack_Size
   21 00000800         __initial_sp
   22 00000800         
   23 00000800                 AREA             HEAP, NOINIT, READWRITE, ALIGN=
3
   24 00000000         __heap_base
   25 00000000         Heap_Mem
                               SPACE            Heap_Size
   26 00000200         __heap_limit
   27 00000200         
   28 00000200                 PRESERVE8
   29 00000200                 THUMB
   30 00000200         
   31 00000200         ; Vector Table Mapped to Address 0 at Reset
   32 00000200         
   33 00000200                 AREA             RESET, DATA, READONLY
   34 00000000                 EXPORT           __Vectors
   35 00000000         
   36 00000000         __Vectors
   37 00000000 00000000        DCD              __initial_sp ; Top of Stack
   38 00000004 00000000        DCD              Reset_Handler ; Reset Handler
   39 00000008 00000000        DCD              NMI_Handler ; NMI Handler
   40 0000000C 00000000        DCD              HardFault_Handler ; Hard Fault 
                                                            Handler
   41 00000010 00000000        DCD              MemManage_Handler 
                                                            ; MPU Fault Handler
                                                            



ARM Macro Assembler    Page 2 


   42 00000014 00000000        DCD              0           ; Reserved
   43 00000018 00000000        DCD              0           ; Reserved
   44 0000001C 00000000        DCD              0           ; Reserved
   45 00000020 00000000        DCD              0           ; Reserved
   46 00000024 00000000        DCD              0           ; Reserved
   47 00000028 00000000        DCD              0           ; Reserved
   48 0000002C 00000000        DCD              SVC_Handler ; SVCall Handler 
   49 00000030 00000000        DCD              0           ; Reserved
   50 00000034 00000000        DCD              0           ; Reserved
   51 00000038 00000000        DCD              PendSV_Handler ; PendSV Handler
                                                            
   52 0000003C 00000000        DCD              SysTick_Handler 
                                                            ; SysTick Handler
   53 00000040         
   54 00000040         ; External Interrupts
   55 00000040 00000000        DCD              WDT_IRQHandler ; 0:  WDT_IRQHan
                                                            dler    
   56 00000044 00000000        DCD              RTC_IRQHandler ; 1:  RTC_IRQHan
                                                            dler 
   57 00000048 00000000        DCD              EFC_IRQHandler ; 2:  EFC_IRQHan
                                                            dler 
   58 0000004C 00000000        DCD              GPIOAB_IRQHandler ; 3:  GPIOAB_
                                                            IRQHandler 
   59 00000050 00000000        DCD              GPIOCD_IRQHandler ; 4:  GPIOCD_
                                                            IRQHandler
   60 00000054 00000000        DCD              EXTI_IRQHandler ; 5:  EXTI_IRQH
                                                            andler 
   61 00000058 00000000        DCD              SRAM_PARITY_IRQHandler ; 6:  SR
                                                            AM_PARITY_IRQHandle
                                                            r
   62 0000005C 00000000        DCD              CLKRDY_IRQHandler ; 7:  CLKRDY_
                                                            IRQHandler
   63 00000060 00000000        DCD              LCD_IRQHandler ; 8:  LCD_IRQHan
                                                            dler
   64 00000064 00000000        DCD              DMA_IRQHandler ; 9:  DMA_IRQHan
                                                            dler
   65 00000068 00000000        DCD              UART3_IRQHandler ; 10: UART3_IR
                                                            QHandler
   66 0000006C 00000000        DCD              TKEY_IRQHandler ; 11: TKEY_IRQH
                                                            andler
   67 00000070 00000000        DCD              ADC_IRQHandler ; 12: ADC_IRQHan
                                                            dler
   68 00000074 00000000        DCD              TIM1_BRK_UP_TRG_COM_IRQHandler 
                                                            ; 13: TIM1_BRK_UP_T
                                                            RG_COM_IRQHandler
   69 00000078 00000000        DCD              TIM1_CC_IRQHandler ; 14: TIM1_C
                                                            C_IRQHandler
   70 0000007C 00000000        DCD              RSV_IRQHandler ; 15: Reserved
   71 00000080 00000000        DCD              TIM3_IRQHandler ; 16: TIM3_IRQH
                                                            andler 
   72 00000084 00000000        DCD              TIM6_IRQHandler ; 17: TIM6_IRQH
                                                            andler
   73 00000088 00000000        DCD              RSV_IRQHandler ; 18: Reserved
   74 0000008C 00000000        DCD              TIM14_IRQHandler ; 19: TIM14_IR
                                                            QHandler
   75 00000090 00000000        DCD              TIM15_IRQHandler ; 20: TIM15_IR
                                                            QHandler 
   76 00000094 00000000        DCD              TIM16_IRQHandler ; 21: TIM16_IR
                                                            QHandler   



ARM Macro Assembler    Page 3 


   77 00000098 00000000        DCD              TIM17_IRQHandler ; 22: TIM17_IR
                                                            QHandler   
   78 0000009C 00000000        DCD              I2C1_IRQHandler ; 23: I2C1_IRQH
                                                            andler    
   79 000000A0 00000000        DCD              I2C2_IRQHandler ; 24: I2C2_IRQH
                                                            andler     
   80 000000A4 00000000        DCD              SPI1_IRQHandler ; 25: SPI1_IRQH
                                                            andler    
   81 000000A8 00000000        DCD              SPI2_IRQHandler ; 26: SPI2_IRQH
                                                            andler    
   82 000000AC 00000000        DCD              UART1_IRQHandler ; 27: UART1_IR
                                                            QHandler   
   83 000000B0 00000000        DCD              UART2_IRQHandler ; 28: UART2_IR
                                                            QHandler      
   84 000000B4 00000000        DCD              LPUART_IRQHandler ; 29: LPUART_
                                                            IRQHandler
   85 000000B8 00000000        DCD              CAN1_IRQHandler ; 30: CAN1_IRQH
                                                            andler
   86 000000BC 00000000        DCD              AES_IRQHandler ; 31: AES_IRQHan
                                                            dler 
   87 000000C0         
   88 000000C0                 AREA             |.text|, CODE, READONLY
   89 00000000         
   90 00000000         Reset_Handler
                               PROC
   91 00000000                 EXPORT           Reset_Handler             [WEAK
]
   92 00000000                 IMPORT           __main
   93 00000000 4804            LDR              R0, =__main
   94 00000002 4700            BX               R0
   95 00000004                 ENDP
   96 00000004         
   97 00000004         
   98 00000004         NMI_Handler
                               PROC
   99 00000004                 EXPORT           NMI_Handler               [WEAK
]
  100 00000004 E7FE            B                .
  101 00000006                 ENDP
  102 00000006         HardFault_Handler
                               PROC
  103 00000006                 EXPORT           HardFault_Handler         [WEAK
]
  104 00000006 E7FE            B                .
  105 00000008                 ENDP
  106 00000008         MemManage_Handler
                               PROC
  107 00000008                 EXPORT           MemManage_Handler         [WEAK
]
  108 00000008 E7FE            B                .
  109 0000000A                 ENDP
  110 0000000A         SVC_Handler
                               PROC
  111 0000000A                 EXPORT           SVC_Handler               [WEAK
]
  112 0000000A E7FE            B                .
  113 0000000C                 ENDP
  114 0000000C         PendSV_Handler
                               PROC



ARM Macro Assembler    Page 4 


  115 0000000C                 EXPORT           PendSV_Handler            [WEAK
]
  116 0000000C E7FE            B                .
  117 0000000E                 ENDP
  118 0000000E         SysTick_Handler
                               PROC
  119 0000000E                 EXPORT           SysTick_Handler           [WEAK
]
  120 0000000E E7FE            B                .
  121 00000010                 ENDP
  122 00000010         
  123 00000010         Default_Handler
                               PROC
  124 00000010                 EXPORT           WDT_IRQHandler                 
[WEAK]
  125 00000010                 EXPORT           RTC_IRQHandler                 
[WEAK]
  126 00000010                 EXPORT           EFC_IRQHandler                 
[WEAK]
  127 00000010                 EXPORT           GPIOAB_IRQHandler              
[WEAK]
  128 00000010                 EXPORT           GPIOCD_IRQHandler              
[WEAK]
  129 00000010                 EXPORT           EXTI_IRQHandler                
[WEAK]
  130 00000010                 EXPORT           SRAM_PARITY_IRQHandler         
[WEAK]
  131 00000010                 EXPORT           CLKRDY_IRQHandler              
[WEAK]
  132 00000010                 EXPORT           LCD_IRQHandler                 
[WEAK]
  133 00000010                 EXPORT           DMA_IRQHandler                 
[WEAK]
  134 00000010                 EXPORT           UART3_IRQHandler               
[WEAK]
  135 00000010                 EXPORT           TKEY_IRQHandler                
[WEAK]
  136 00000010                 EXPORT           ADC_IRQHandler                 
[WEAK]
  137 00000010                 EXPORT           TIM1_BRK_UP_TRG_COM_IRQHandler 
[WEAK]
  138 00000010                 EXPORT           TIM1_CC_IRQHandler             
[WEAK]
  139 00000010                 EXPORT           TIM3_IRQHandler                
[WEAK]
  140 00000010                 EXPORT           TIM6_IRQHandler                
[WEAK]
  141 00000010                 EXPORT           TIM14_IRQHandler               
[WEAK]
  142 00000010                 EXPORT           TIM15_IRQHandler               
[WEAK]
  143 00000010                 EXPORT           TIM16_IRQHandler               
[WEAK]
  144 00000010                 EXPORT           TIM17_IRQHandler               
[WEAK]
  145 00000010                 EXPORT           I2C1_IRQHandler                
[WEAK]
  146 00000010                 EXPORT           I2C2_IRQHandler                
[WEAK]



ARM Macro Assembler    Page 5 


  147 00000010                 EXPORT           SPI1_IRQHandler                
[WEAK]
  148 00000010                 EXPORT           SPI2_IRQHandler                
[WEAK]
  149 00000010                 EXPORT           UART1_IRQHandler               
[WEAK]
  150 00000010                 EXPORT           UART2_IRQHandler               
[WEAK]
  151 00000010                 EXPORT           LPUART_IRQHandler              
[WEAK]
  152 00000010                 EXPORT           CAN1_IRQHandler                
[WEAK]
  153 00000010                 EXPORT           AES_IRQHandler                 
[WEAK]
  154 00000010                 EXPORT           RSV_IRQHandler                 
[WEAK]
  155 00000010         WDT_IRQHandler
  156 00000010         RTC_IRQHandler
  157 00000010         EFC_IRQHandler
  158 00000010         GPIOAB_IRQHandler
  159 00000010         GPIOCD_IRQHandler
  160 00000010         EXTI_IRQHandler
  161 00000010         SRAM_PARITY_IRQHandler
  162 00000010         CLKRDY_IRQHandler
  163 00000010         LCD_IRQHandler
  164 00000010         DMA_IRQHandler
  165 00000010         UART3_IRQHandler
  166 00000010         TKEY_IRQHandler
  167 00000010         ADC_IRQHandler
  168 00000010         TIM1_BRK_UP_TRG_COM_IRQHandler
  169 00000010         TIM1_CC_IRQHandler
  170 00000010         TIM3_IRQHandler
  171 00000010         TIM6_IRQHandler
  172 00000010         TIM14_IRQHandler
  173 00000010         TIM15_IRQHandler
  174 00000010         TIM16_IRQHandler
  175 00000010         TIM17_IRQHandler
  176 00000010         I2C1_IRQHandler
  177 00000010         I2C2_IRQHandler
  178 00000010         SPI1_IRQHandler
  179 00000010         SPI2_IRQHandler
  180 00000010         UART1_IRQHandler
  181 00000010         UART2_IRQHandler
  182 00000010         LPUART_IRQHandler
  183 00000010         CAN1_IRQHandler
  184 00000010         AES_IRQHandler
  185 00000010         RSV_IRQHandler
  186 00000010 E7FE            B                .
  187 00000012                 ENDP
  188 00000012         
  189 00000012 00 00           ALIGN
  190 00000014         
  191 00000014         ; User Initial Stack & Heap
  192 00000014         
  193 00000014                 IF               :DEF:__MICROLIB
  194 00000014         
  195 00000014                 EXPORT           __initial_sp
  196 00000014                 EXPORT           __heap_base
  197 00000014                 EXPORT           __heap_limit



ARM Macro Assembler    Page 6 


  198 00000014         
  199 00000014                 ELSE
  213                          ENDIF
  214 00000014         
  215 00000014                 END
              00000000 
Command Line: --debug --xref --diag_suppress=9931 --cpu=Cortex-M0 --apcs=interw
ork --depend=..\obj\startup_acm32f0x0.d -o..\obj\startup_acm32f0x0.o -IC:\Users
\yehan.tang\AppData\Local\Arm\Packs\ARM\CMSIS\5.8.0\Device\ARM\ARMCM0\Include -
I"D:\program files\Keil_v5\ARM\CMSIS\Include" --predefine="__MICROLIB SETA 1" -
-predefine="__UVISION_VERSION SETA 531" --predefine="ARMCM0 SETA 1" --list=.\li
stings\startup_acm32f0x0.lst ..\src\Device\Startup_ACM32F0x0.s



ARM Macro Assembler    Page 1 Alphabetic symbol ordering
Relocatable symbols

STACK 00000000

Symbol: STACK
   Definitions
      At line 19 in file ..\src\Device\Startup_ACM32F0x0.s
   Uses
      None
Comment: STACK unused
Stack_Mem 00000000

Symbol: Stack_Mem
   Definitions
      At line 20 in file ..\src\Device\Startup_ACM32F0x0.s
   Uses
      None
Comment: Stack_Mem unused
__initial_sp 00000800

Symbol: __initial_sp
   Definitions
      At line 21 in file ..\src\Device\Startup_ACM32F0x0.s
   Uses
      At line 37 in file ..\src\Device\Startup_ACM32F0x0.s
      At line 195 in file ..\src\Device\Startup_ACM32F0x0.s

3 symbols



ARM Macro Assembler    Page 1 Alphabetic symbol ordering
Relocatable symbols

HEAP 00000000

Symbol: HEAP
   Definitions
      At line 23 in file ..\src\Device\Startup_ACM32F0x0.s
   Uses
      None
Comment: HEAP unused
Heap_Mem 00000000

Symbol: Heap_Mem
   Definitions
      At line 25 in file ..\src\Device\Startup_ACM32F0x0.s
   Uses
      None
Comment: Heap_Mem unused
__heap_base 00000000

Symbol: __heap_base
   Definitions
      At line 24 in file ..\src\Device\Startup_ACM32F0x0.s
   Uses
      At line 196 in file ..\src\Device\Startup_ACM32F0x0.s
Comment: __heap_base used once
__heap_limit 00000200

Symbol: __heap_limit
   Definitions
      At line 26 in file ..\src\Device\Startup_ACM32F0x0.s
   Uses
      At line 197 in file ..\src\Device\Startup_ACM32F0x0.s
Comment: __heap_limit used once
4 symbols



ARM Macro Assembler    Page 1 Alphabetic symbol ordering
Relocatable symbols

RESET 00000000

Symbol: RESET
   Definitions
      At line 33 in file ..\src\Device\Startup_ACM32F0x0.s
   Uses
      None
Comment: RESET unused
__Vectors 00000000

Symbol: __Vectors
   Definitions
      At line 36 in file ..\src\Device\Startup_ACM32F0x0.s
   Uses
      At line 34 in file ..\src\Device\Startup_ACM32F0x0.s
Comment: __Vectors used once
2 symbols



ARM Macro Assembler    Page 1 Alphabetic symbol ordering
Relocatable symbols

.text 00000000

Symbol: .text
   Definitions
      At line 88 in file ..\src\Device\Startup_ACM32F0x0.s
   Uses
      None
Comment: .text unused
ADC_IRQHandler 00000010

Symbol: ADC_IRQHandler
   Definitions
      At line 167 in file ..\src\Device\Startup_ACM32F0x0.s
   Uses
      At line 67 in file ..\src\Device\Startup_ACM32F0x0.s
      At line 136 in file ..\src\Device\Startup_ACM32F0x0.s

AES_IRQHandler 00000010

Symbol: AES_IRQHandler
   Definitions
      At line 184 in file ..\src\Device\Startup_ACM32F0x0.s
   Uses
      At line 86 in file ..\src\Device\Startup_ACM32F0x0.s
      At line 153 in file ..\src\Device\Startup_ACM32F0x0.s

CAN1_IRQHandler 00000010

Symbol: CAN1_IRQHandler
   Definitions
      At line 183 in file ..\src\Device\Startup_ACM32F0x0.s
   Uses
      At line 85 in file ..\src\Device\Startup_ACM32F0x0.s
      At line 152 in file ..\src\Device\Startup_ACM32F0x0.s

CLKRDY_IRQHandler 00000010

Symbol: CLKRDY_IRQHandler
   Definitions
      At line 162 in file ..\src\Device\Startup_ACM32F0x0.s
   Uses
      At line 62 in file ..\src\Device\Startup_ACM32F0x0.s
      At line 131 in file ..\src\Device\Startup_ACM32F0x0.s

DMA_IRQHandler 00000010

Symbol: DMA_IRQHandler
   Definitions
      At line 164 in file ..\src\Device\Startup_ACM32F0x0.s
   Uses
      At line 64 in file ..\src\Device\Startup_ACM32F0x0.s
      At line 133 in file ..\src\Device\Startup_ACM32F0x0.s

Default_Handler 00000010

Symbol: Default_Handler
   Definitions
      At line 123 in file ..\src\Device\Startup_ACM32F0x0.s
   Uses



ARM Macro Assembler    Page 2 Alphabetic symbol ordering
Relocatable symbols

      None
Comment: Default_Handler unused
EFC_IRQHandler 00000010

Symbol: EFC_IRQHandler
   Definitions
      At line 157 in file ..\src\Device\Startup_ACM32F0x0.s
   Uses
      At line 57 in file ..\src\Device\Startup_ACM32F0x0.s
      At line 126 in file ..\src\Device\Startup_ACM32F0x0.s

EXTI_IRQHandler 00000010

Symbol: EXTI_IRQHandler
   Definitions
      At line 160 in file ..\src\Device\Startup_ACM32F0x0.s
   Uses
      At line 60 in file ..\src\Device\Startup_ACM32F0x0.s
      At line 129 in file ..\src\Device\Startup_ACM32F0x0.s

GPIOAB_IRQHandler 00000010

Symbol: GPIOAB_IRQHandler
   Definitions
      At line 158 in file ..\src\Device\Startup_ACM32F0x0.s
   Uses
      At line 58 in file ..\src\Device\Startup_ACM32F0x0.s
      At line 127 in file ..\src\Device\Startup_ACM32F0x0.s

GPIOCD_IRQHandler 00000010

Symbol: GPIOCD_IRQHandler
   Definitions
      At line 159 in file ..\src\Device\Startup_ACM32F0x0.s
   Uses
      At line 59 in file ..\src\Device\Startup_ACM32F0x0.s
      At line 128 in file ..\src\Device\Startup_ACM32F0x0.s

HardFault_Handler 00000006

Symbol: HardFault_Handler
   Definitions
      At line 102 in file ..\src\Device\Startup_ACM32F0x0.s
   Uses
      At line 40 in file ..\src\Device\Startup_ACM32F0x0.s
      At line 103 in file ..\src\Device\Startup_ACM32F0x0.s

I2C1_IRQHandler 00000010

Symbol: I2C1_IRQHandler
   Definitions
      At line 176 in file ..\src\Device\Startup_ACM32F0x0.s
   Uses
      At line 78 in file ..\src\Device\Startup_ACM32F0x0.s
      At line 145 in file ..\src\Device\Startup_ACM32F0x0.s

I2C2_IRQHandler 00000010

Symbol: I2C2_IRQHandler



ARM Macro Assembler    Page 3 Alphabetic symbol ordering
Relocatable symbols

   Definitions
      At line 177 in file ..\src\Device\Startup_ACM32F0x0.s
   Uses
      At line 79 in file ..\src\Device\Startup_ACM32F0x0.s
      At line 146 in file ..\src\Device\Startup_ACM32F0x0.s

LCD_IRQHandler 00000010

Symbol: LCD_IRQHandler
   Definitions
      At line 163 in file ..\src\Device\Startup_ACM32F0x0.s
   Uses
      At line 63 in file ..\src\Device\Startup_ACM32F0x0.s
      At line 132 in file ..\src\Device\Startup_ACM32F0x0.s

LPUART_IRQHandler 00000010

Symbol: LPUART_IRQHandler
   Definitions
      At line 182 in file ..\src\Device\Startup_ACM32F0x0.s
   Uses
      At line 84 in file ..\src\Device\Startup_ACM32F0x0.s
      At line 151 in file ..\src\Device\Startup_ACM32F0x0.s

MemManage_Handler 00000008

Symbol: MemManage_Handler
   Definitions
      At line 106 in file ..\src\Device\Startup_ACM32F0x0.s
   Uses
      At line 41 in file ..\src\Device\Startup_ACM32F0x0.s
      At line 107 in file ..\src\Device\Startup_ACM32F0x0.s

NMI_Handler 00000004

Symbol: NMI_Handler
   Definitions
      At line 98 in file ..\src\Device\Startup_ACM32F0x0.s
   Uses
      At line 39 in file ..\src\Device\Startup_ACM32F0x0.s
      At line 99 in file ..\src\Device\Startup_ACM32F0x0.s

PendSV_Handler 0000000C

Symbol: PendSV_Handler
   Definitions
      At line 114 in file ..\src\Device\Startup_ACM32F0x0.s
   Uses
      At line 51 in file ..\src\Device\Startup_ACM32F0x0.s
      At line 115 in file ..\src\Device\Startup_ACM32F0x0.s

RSV_IRQHandler 00000010

Symbol: RSV_IRQHandler
   Definitions
      At line 185 in file ..\src\Device\Startup_ACM32F0x0.s
   Uses
      At line 70 in file ..\src\Device\Startup_ACM32F0x0.s
      At line 73 in file ..\src\Device\Startup_ACM32F0x0.s



ARM Macro Assembler    Page 4 Alphabetic symbol ordering
Relocatable symbols

      At line 154 in file ..\src\Device\Startup_ACM32F0x0.s

RTC_IRQHandler 00000010

Symbol: RTC_IRQHandler
   Definitions
      At line 156 in file ..\src\Device\Startup_ACM32F0x0.s
   Uses
      At line 56 in file ..\src\Device\Startup_ACM32F0x0.s
      At line 125 in file ..\src\Device\Startup_ACM32F0x0.s

Reset_Handler 00000000

Symbol: Reset_Handler
   Definitions
      At line 90 in file ..\src\Device\Startup_ACM32F0x0.s
   Uses
      At line 38 in file ..\src\Device\Startup_ACM32F0x0.s
      At line 91 in file ..\src\Device\Startup_ACM32F0x0.s

SPI1_IRQHandler 00000010

Symbol: SPI1_IRQHandler
   Definitions
      At line 178 in file ..\src\Device\Startup_ACM32F0x0.s
   Uses
      At line 80 in file ..\src\Device\Startup_ACM32F0x0.s
      At line 147 in file ..\src\Device\Startup_ACM32F0x0.s

SPI2_IRQHandler 00000010

Symbol: SPI2_IRQHandler
   Definitions
      At line 179 in file ..\src\Device\Startup_ACM32F0x0.s
   Uses
      At line 81 in file ..\src\Device\Startup_ACM32F0x0.s
      At line 148 in file ..\src\Device\Startup_ACM32F0x0.s

SRAM_PARITY_IRQHandler 00000010

Symbol: SRAM_PARITY_IRQHandler
   Definitions
      At line 161 in file ..\src\Device\Startup_ACM32F0x0.s
   Uses
      At line 61 in file ..\src\Device\Startup_ACM32F0x0.s
      At line 130 in file ..\src\Device\Startup_ACM32F0x0.s

SVC_Handler 0000000A

Symbol: SVC_Handler
   Definitions
      At line 110 in file ..\src\Device\Startup_ACM32F0x0.s
   Uses
      At line 48 in file ..\src\Device\Startup_ACM32F0x0.s
      At line 111 in file ..\src\Device\Startup_ACM32F0x0.s

SysTick_Handler 0000000E

Symbol: SysTick_Handler



ARM Macro Assembler    Page 5 Alphabetic symbol ordering
Relocatable symbols

   Definitions
      At line 118 in file ..\src\Device\Startup_ACM32F0x0.s
   Uses
      At line 52 in file ..\src\Device\Startup_ACM32F0x0.s
      At line 119 in file ..\src\Device\Startup_ACM32F0x0.s

TIM14_IRQHandler 00000010

Symbol: TIM14_IRQHandler
   Definitions
      At line 172 in file ..\src\Device\Startup_ACM32F0x0.s
   Uses
      At line 74 in file ..\src\Device\Startup_ACM32F0x0.s
      At line 141 in file ..\src\Device\Startup_ACM32F0x0.s

TIM15_IRQHandler 00000010

Symbol: TIM15_IRQHandler
   Definitions
      At line 173 in file ..\src\Device\Startup_ACM32F0x0.s
   Uses
      At line 75 in file ..\src\Device\Startup_ACM32F0x0.s
      At line 142 in file ..\src\Device\Startup_ACM32F0x0.s

TIM16_IRQHandler 00000010

Symbol: TIM16_IRQHandler
   Definitions
      At line 174 in file ..\src\Device\Startup_ACM32F0x0.s
   Uses
      At line 76 in file ..\src\Device\Startup_ACM32F0x0.s
      At line 143 in file ..\src\Device\Startup_ACM32F0x0.s

TIM17_IRQHandler 00000010

Symbol: TIM17_IRQHandler
   Definitions
      At line 175 in file ..\src\Device\Startup_ACM32F0x0.s
   Uses
      At line 77 in file ..\src\Device\Startup_ACM32F0x0.s
      At line 144 in file ..\src\Device\Startup_ACM32F0x0.s

TIM1_BRK_UP_TRG_COM_IRQHandler 00000010

Symbol: TIM1_BRK_UP_TRG_COM_IRQHandler
   Definitions
      At line 168 in file ..\src\Device\Startup_ACM32F0x0.s
   Uses
      At line 68 in file ..\src\Device\Startup_ACM32F0x0.s
      At line 137 in file ..\src\Device\Startup_ACM32F0x0.s

TIM1_CC_IRQHandler 00000010

Symbol: TIM1_CC_IRQHandler
   Definitions
      At line 169 in file ..\src\Device\Startup_ACM32F0x0.s
   Uses
      At line 69 in file ..\src\Device\Startup_ACM32F0x0.s
      At line 138 in file ..\src\Device\Startup_ACM32F0x0.s



ARM Macro Assembler    Page 6 Alphabetic symbol ordering
Relocatable symbols


TIM3_IRQHandler 00000010

Symbol: TIM3_IRQHandler
   Definitions
      At line 170 in file ..\src\Device\Startup_ACM32F0x0.s
   Uses
      At line 71 in file ..\src\Device\Startup_ACM32F0x0.s
      At line 139 in file ..\src\Device\Startup_ACM32F0x0.s

TIM6_IRQHandler 00000010

Symbol: TIM6_IRQHandler
   Definitions
      At line 171 in file ..\src\Device\Startup_ACM32F0x0.s
   Uses
      At line 72 in file ..\src\Device\Startup_ACM32F0x0.s
      At line 140 in file ..\src\Device\Startup_ACM32F0x0.s

TKEY_IRQHandler 00000010

Symbol: TKEY_IRQHandler
   Definitions
      At line 166 in file ..\src\Device\Startup_ACM32F0x0.s
   Uses
      At line 66 in file ..\src\Device\Startup_ACM32F0x0.s
      At line 135 in file ..\src\Device\Startup_ACM32F0x0.s

UART1_IRQHandler 00000010

Symbol: UART1_IRQHandler
   Definitions
      At line 180 in file ..\src\Device\Startup_ACM32F0x0.s
   Uses
      At line 82 in file ..\src\Device\Startup_ACM32F0x0.s
      At line 149 in file ..\src\Device\Startup_ACM32F0x0.s

UART2_IRQHandler 00000010

Symbol: UART2_IRQHandler
   Definitions
      At line 181 in file ..\src\Device\Startup_ACM32F0x0.s
   Uses
      At line 83 in file ..\src\Device\Startup_ACM32F0x0.s
      At line 150 in file ..\src\Device\Startup_ACM32F0x0.s

UART3_IRQHandler 00000010

Symbol: UART3_IRQHandler
   Definitions
      At line 165 in file ..\src\Device\Startup_ACM32F0x0.s
   Uses
      At line 65 in file ..\src\Device\Startup_ACM32F0x0.s
      At line 134 in file ..\src\Device\Startup_ACM32F0x0.s

WDT_IRQHandler 00000010

Symbol: WDT_IRQHandler
   Definitions



ARM Macro Assembler    Page 7 Alphabetic symbol ordering
Relocatable symbols

      At line 155 in file ..\src\Device\Startup_ACM32F0x0.s
   Uses
      At line 55 in file ..\src\Device\Startup_ACM32F0x0.s
      At line 124 in file ..\src\Device\Startup_ACM32F0x0.s

40 symbols



ARM Macro Assembler    Page 1 Alphabetic symbol ordering
Absolute symbols

Heap_Size 00000200

Symbol: Heap_Size
   Definitions
      At line 17 in file ..\src\Device\Startup_ACM32F0x0.s
   Uses
      At line 25 in file ..\src\Device\Startup_ACM32F0x0.s
Comment: Heap_Size used once
Stack_Size 00000800

Symbol: Stack_Size
   Definitions
      At line 16 in file ..\src\Device\Startup_ACM32F0x0.s
   Uses
      At line 20 in file ..\src\Device\Startup_ACM32F0x0.s
Comment: Stack_Size used once
2 symbols



ARM Macro Assembler    Page 1 Alphabetic symbol ordering
External symbols

__main 00000000

Symbol: __main
   Definitions
      At line 92 in file ..\src\Device\Startup_ACM32F0x0.s
   Uses
      At line 93 in file ..\src\Device\Startup_ACM32F0x0.s
Comment: __main used once
1 symbol
387 symbols in table
